2020-11-18 21:20:29.127  INFO [csw_eureka_server,,,] 28620 --- [main] c.b.eops.csw_eureka_server.EurekaServer  : No active profile set, falling back to default profiles: default
2020-11-18 21:20:29.206  INFO [csw_eureka_server,,,] 28620 --- [main] ationConfigEmbeddedWebApplicationContext : Refreshing org.springframework.boot.context.embedded.AnnotationConfigEmbeddedWebApplicationContext@19e7a160: startup date [Wed Nov 18 21:20:29 IST 2020]; parent: org.springframework.context.annotation.AnnotationConfigApplicationContext@2f9f7dcf
2020-11-18 21:20:32.153  INFO [csw_eureka_server,,,] 28620 --- [main] o.s.cloud.context.scope.GenericScope     : BeanFactory id=a8002a70-4f44-3318-87e4-8caff59da5d7
2020-11-18 21:20:32.217  INFO [csw_eureka_server,,,] 28620 --- [main] f.a.AutowiredAnnotationBeanPostProcessor : JSR-330 'javax.inject.Inject' annotation found and supported for autowiring
2020-11-18 21:20:32.450  INFO [csw_eureka_server,,,] 28620 --- [main] trationDelegate$BeanPostProcessorChecker : Bean 'org.springframework.cloud.sleuth.instrument.async.AsyncDefaultAutoConfiguration$DefaultAsyncConfigurerSupport' of type [org.springframework.cloud.sleuth.instrument.async.AsyncDefaultAutoConfiguration$DefaultAsyncConfigurerSupport$$EnhancerBySpringCGLIB$$c78bb8e3] is not eligible for getting processed by all BeanPostProcessors (for example: not eligible for auto-proxying)
2020-11-18 21:20:32.634  INFO [csw_eureka_server,,,] 28620 --- [main] trationDelegate$BeanPostProcessorChecker : Bean 'org.springframework.cloud.sleuth.annotation.SleuthAnnotationAutoConfiguration' of type [org.springframework.cloud.sleuth.annotation.SleuthAnnotationAutoConfiguration$$EnhancerBySpringCGLIB$$8caf6152] is not eligible for getting processed by all BeanPostProcessors (for example: not eligible for auto-proxying)
2020-11-18 21:20:33.037  INFO [csw_eureka_server,,,] 28620 --- [main] trationDelegate$BeanPostProcessorChecker : Bean 'sleuthAdvisorConfig' of type [org.springframework.cloud.sleuth.annotation.SleuthAdvisorConfig] is not eligible for getting processed by all BeanPostProcessors (for example: not eligible for auto-proxying)
2020-11-18 21:20:33.047  INFO [csw_eureka_server,,,] 28620 --- [main] trationDelegate$BeanPostProcessorChecker : Bean 'org.springframework.cloud.netflix.metrics.MetricsInterceptorConfiguration$MetricsRestTemplateConfiguration' of type [org.springframework.cloud.netflix.metrics.MetricsInterceptorConfiguration$MetricsRestTemplateConfiguration$$EnhancerBySpringCGLIB$$bc76c161] is not eligible for getting processed by all BeanPostProcessors (for example: not eligible for auto-proxying)
2020-11-18 21:20:33.109  INFO [csw_eureka_server,,,] 28620 --- [main] trationDelegate$BeanPostProcessorChecker : Bean 'org.springframework.cloud.autoconfigure.ConfigurationPropertiesRebinderAutoConfiguration' of type [org.springframework.cloud.autoconfigure.ConfigurationPropertiesRebinderAutoConfiguration$$EnhancerBySpringCGLIB$$a6641e1d] is not eligible for getting processed by all BeanPostProcessors (for example: not eligible for auto-proxying)
2020-11-18 21:20:33.175  INFO [csw_eureka_server,,,] 28620 --- [main] trationDelegate$BeanPostProcessorChecker : Bean 'org.springframework.cloud.sleuth.instrument.async.AsyncDefaultAutoConfiguration' of type [org.springframework.cloud.sleuth.instrument.async.AsyncDefaultAutoConfiguration$$EnhancerBySpringCGLIB$$722dc73f] is not eligible for getting processed by all BeanPostProcessors (for example: not eligible for auto-proxying)
2020-11-18 21:20:34.572  INFO [csw_eureka_server,,,] 28620 --- [main] s.b.c.e.t.TomcatEmbeddedServletContainer : Tomcat initialized with port(s): 8761 (http)
2020-11-18 21:20:34.606  INFO [csw_eureka_server,,,] 28620 --- [main] o.apache.catalina.core.StandardService   : Starting service [Tomcat]
2020-11-18 21:20:34.610  INFO [csw_eureka_server,,,] 28620 --- [main] org.apache.catalina.core.StandardEngine  : Starting Servlet Engine: Apache Tomcat/8.5.23
2020-11-18 21:20:34.765  INFO [csw_eureka_server,,,] 28620 --- [localhost-startStop-1] o.a.c.c.C.[Tomcat].[localhost].[/]       : Initializing Spring embedded WebApplicationContext
2020-11-18 21:20:34.766  INFO [csw_eureka_server,,,] 28620 --- [localhost-startStop-1] o.s.web.context.ContextLoader            : Root WebApplicationContext: initialization completed in 5560 ms
2020-11-18 21:20:37.327  INFO [csw_eureka_server,,,] 28620 --- [localhost-startStop-1] o.s.b.w.servlet.FilterRegistrationBean   : Mapping filter: 'metricsFilter' to: [/*]
2020-11-18 21:20:37.328  INFO [csw_eureka_server,,,] 28620 --- [localhost-startStop-1] o.s.b.w.servlet.FilterRegistrationBean   : Mapping filter: 'characterEncodingFilter' to: [/*]
2020-11-18 21:20:37.329  INFO [csw_eureka_server,,,] 28620 --- [localhost-startStop-1] o.s.b.w.servlet.FilterRegistrationBean   : Mapping filter: 'traceFilter' to: [/*]
2020-11-18 21:20:37.330  INFO [csw_eureka_server,,,] 28620 --- [localhost-startStop-1] o.s.b.w.servlet.FilterRegistrationBean   : Mapping filter: 'hiddenHttpMethodFilter' to: [/*]
2020-11-18 21:20:37.331  INFO [csw_eureka_server,,,] 28620 --- [localhost-startStop-1] o.s.b.w.servlet.FilterRegistrationBean   : Mapping filter: 'httpPutFormContentFilter' to: [/*]
2020-11-18 21:20:37.331  INFO [csw_eureka_server,,,] 28620 --- [localhost-startStop-1] o.s.b.w.servlet.FilterRegistrationBean   : Mapping filter: 'requestContextFilter' to: [/*]
2020-11-18 21:20:37.334  INFO [csw_eureka_server,,,] 28620 --- [localhost-startStop-1] .s.DelegatingFilterProxyRegistrationBean : Mapping filter: 'springSecurityFilterChain' to: [/*]
2020-11-18 21:20:37.334  INFO [csw_eureka_server,,,] 28620 --- [localhost-startStop-1] o.s.b.w.servlet.FilterRegistrationBean   : Mapping filter: 'webRequestTraceFilter' to: [/*]
2020-11-18 21:20:37.358  INFO [csw_eureka_server,,,] 28620 --- [localhost-startStop-1] o.s.b.w.servlet.FilterRegistrationBean   : Mapping filter: 'servletContainer' to urls: [/eureka/*]
2020-11-18 21:20:37.362  INFO [csw_eureka_server,,,] 28620 --- [localhost-startStop-1] o.s.b.w.servlet.FilterRegistrationBean   : Mapping filter: 'applicationContextIdFilter' to: [/*]
2020-11-18 21:20:37.362  INFO [csw_eureka_server,,,] 28620 --- [localhost-startStop-1] o.s.b.w.servlet.ServletRegistrationBean  : Mapping servlet: 'dispatcherServlet' to [/]
2020-11-18 21:20:37.584  INFO [csw_eureka_server,,,] 28620 --- [localhost-startStop-1] c.s.j.s.i.a.WebApplicationImpl           : Initiating Jersey application, version 'Jersey: 1.19.1 03/11/2016 02:08 PM'
2020-11-18 21:20:37.752 ERROR [csw_eureka_server,,,] 28620 --- [localhost-startStop-1] o.a.c.c.C.[Tomcat].[localhost].[/]       : Exception starting filter [servletContainer]

java.lang.TypeNotPresentException: Type javax.xml.bind.JAXBContext not present
	at java.base/sun.reflect.generics.factory.CoreReflectionFactory.makeNamedType(CoreReflectionFactory.java:117) ~[na:na]
	at java.base/sun.reflect.generics.visitor.Reifier.visitClassTypeSignature(Reifier.java:125) ~[na:na]
	at java.base/sun.reflect.generics.tree.ClassTypeSignature.accept(ClassTypeSignature.java:49) ~[na:na]
	at java.base/sun.reflect.generics.visitor.Reifier.reifyTypeArguments(Reifier.java:68) ~[na:na]
	at java.base/sun.reflect.generics.visitor.Reifier.visitClassTypeSignature(Reifier.java:138) ~[na:na]
	at java.base/sun.reflect.generics.tree.ClassTypeSignature.accept(ClassTypeSignature.java:49) ~[na:na]
	at java.base/sun.reflect.generics.repository.ClassRepository.computeSuperInterfaces(ClassRepository.java:117) ~[na:na]
	at java.base/sun.reflect.generics.repository.ClassRepository.getSuperInterfaces(ClassRepository.java:95) ~[na:na]
	at java.base/java.lang.Class.getGenericInterfaces(Class.java:1137) ~[na:na]
	at com.sun.jersey.core.reflection.ReflectionHelper.getClass(ReflectionHelper.java:629) ~[jersey-core-1.19.1.jar!/:1.19.1]
	at com.sun.jersey.core.reflection.ReflectionHelper.getClass(ReflectionHelper.java:625) ~[jersey-core-1.19.1.jar!/:1.19.1]
	at com.sun.jersey.core.spi.factory.ContextResolverFactory.getParameterizedType(ContextResolverFactory.java:202) ~[jersey-core-1.19.1.jar!/:1.19.1]
	at com.sun.jersey.core.spi.factory.ContextResolverFactory.init(ContextResolverFactory.java:89) ~[jersey-core-1.19.1.jar!/:1.19.1]
	at com.sun.jersey.server.impl.application.WebApplicationImpl._initiate(WebApplicationImpl.java:1332) ~[jersey-server-1.19.1.jar!/:1.19.1]
	at com.sun.jersey.server.impl.application.WebApplicationImpl.access$700(WebApplicationImpl.java:180) ~[jersey-server-1.19.1.jar!/:1.19.1]
	at com.sun.jersey.server.impl.application.WebApplicationImpl$13.f(WebApplicationImpl.java:799) ~[jersey-server-1.19.1.jar!/:1.19.1]
	at com.sun.jersey.server.impl.application.WebApplicationImpl$13.f(WebApplicationImpl.java:795) ~[jersey-server-1.19.1.jar!/:1.19.1]
	at com.sun.jersey.spi.inject.Errors.processWithErrors(Errors.java:193) ~[jersey-core-1.19.1.jar!/:1.19.1]
	at com.sun.jersey.server.impl.application.WebApplicationImpl.initiate(WebApplicationImpl.java:795) ~[jersey-server-1.19.1.jar!/:1.19.1]
	at com.sun.jersey.server.impl.application.WebApplicationImpl.initiate(WebApplicationImpl.java:790) ~[jersey-server-1.19.1.jar!/:1.19.1]
	at com.sun.jersey.spi.container.servlet.ServletContainer.initiate(ServletContainer.java:509) ~[jersey-servlet-1.19.1.jar!/:1.19.1]
	at com.sun.jersey.spi.container.servlet.ServletContainer$InternalWebComponent.initiate(ServletContainer.java:339) ~[jersey-servlet-1.19.1.jar!/:1.19.1]
	at com.sun.jersey.spi.container.servlet.WebComponent.load(WebComponent.java:605) ~[jersey-servlet-1.19.1.jar!/:1.19.1]
	at com.sun.jersey.spi.container.servlet.WebComponent.init(WebComponent.java:207) ~[jersey-servlet-1.19.1.jar!/:1.19.1]
	at com.sun.jersey.spi.container.servlet.ServletContainer.init(ServletContainer.java:394) ~[jersey-servlet-1.19.1.jar!/:1.19.1]
	at com.sun.jersey.spi.container.servlet.ServletContainer.init(ServletContainer.java:744) ~[jersey-servlet-1.19.1.jar!/:1.19.1]
	at org.apache.catalina.core.ApplicationFilterConfig.initFilter(ApplicationFilterConfig.java:285) ~[tomcat-embed-core-8.5.23.jar!/:8.5.23]
	at org.apache.catalina.core.ApplicationFilterConfig.<init>(ApplicationFilterConfig.java:112) ~[tomcat-embed-core-8.5.23.jar!/:8.5.23]
	at org.apache.catalina.core.StandardContext.filterStart(StandardContext.java:4591) ~[tomcat-embed-core-8.5.23.jar!/:8.5.23]
	at org.apache.catalina.core.StandardContext.startInternal(StandardContext.java:5233) ~[tomcat-embed-core-8.5.23.jar!/:8.5.23]
	at org.apache.catalina.util.LifecycleBase.start(LifecycleBase.java:150) ~[tomcat-embed-core-8.5.23.jar!/:8.5.23]
	at org.apache.catalina.core.ContainerBase$StartChild.call(ContainerBase.java:1419) ~[tomcat-embed-core-8.5.23.jar!/:8.5.23]
	at org.apache.catalina.core.ContainerBase$StartChild.call(ContainerBase.java:1409) ~[tomcat-embed-core-8.5.23.jar!/:8.5.23]
	at java.base/java.util.concurrent.FutureTask.run(FutureTask.java:264) ~[na:na]
	at java.base/java.util.concurrent.ThreadPoolExecutor.runWorker(ThreadPoolExecutor.java:1128) ~[na:na]
	at java.base/java.util.concurrent.ThreadPoolExecutor$Worker.run(ThreadPoolExecutor.java:628) ~[na:na]
	at java.base/java.lang.Thread.run(Thread.java:834) ~[na:na]
Caused by: java.lang.ClassNotFoundException: javax.xml.bind.JAXBContext
	at java.base/java.net.URLClassLoader.findClass(URLClassLoader.java:471) ~[na:na]
	at java.base/java.lang.ClassLoader.loadClass(ClassLoader.java:589) ~[na:na]
	at org.springframework.boot.loader.LaunchedURLClassLoader.loadClass(LaunchedURLClassLoader.java:94) ~[csw_eureka_server-25.1.2.jar:25.1.2]
	at java.base/java.lang.ClassLoader.loadClass(ClassLoader.java:522) ~[na:na]
	at java.base/java.lang.Class.forName0(Native Method) ~[na:na]
	at java.base/java.lang.Class.forName(Class.java:398) ~[na:na]
	at java.base/sun.reflect.generics.factory.CoreReflectionFactory.makeNamedType(CoreReflectionFactory.java:114) ~[na:na]
	... 36 common frames omitted

2020-11-18 21:20:37.756 ERROR [csw_eureka_server,,,] 28620 --- [localhost-startStop-1] o.apache.catalina.core.StandardContext   : One or more Filters failed to start. Full details will be found in the appropriate container log file
2020-11-18 21:20:37.757 ERROR [csw_eureka_server,,,] 28620 --- [localhost-startStop-1] o.apache.catalina.core.StandardContext   : Context [] startup failed due to previous errors
2020-11-18 21:20:37.790  WARN [csw_eureka_server,,,] 28620 --- [main] ationConfigEmbeddedWebApplicationContext : Exception encountered during context initialization - cancelling refresh attempt: org.springframework.context.ApplicationContextException: Unable to start embedded container; nested exception is org.springframework.boot.context.embedded.EmbeddedServletContainerException: Unable to start embedded Tomcat
2020-11-18 21:20:37.819  INFO [csw_eureka_server,,,] 28620 --- [main] utoConfigurationReportLoggingInitializer : 

Error starting ApplicationContext. To display the auto-configuration report re-run your application with 'debug' enabled.
2020-11-18 21:20:37.838 ERROR [csw_eureka_server,,,] 28620 --- [main] o.s.boot.SpringApplication               : Application startup failed

org.springframework.context.ApplicationContextException: Unable to start embedded container; nested exception is org.springframework.boot.context.embedded.EmbeddedServletContainerException: Unable to start embedded Tomcat
	at org.springframework.boot.context.embedded.EmbeddedWebApplicationContext.onRefresh(EmbeddedWebApplicationContext.java:137) ~[spring-boot-1.5.8.RELEASE.jar!/:1.5.8.RELEASE]
	at org.springframework.context.support.AbstractApplicationContext.refresh(AbstractApplicationContext.java:537) ~[spring-context-4.3.12.RELEASE.jar!/:4.3.12.RELEASE]
	at org.springframework.boot.context.embedded.EmbeddedWebApplicationContext.refresh(EmbeddedWebApplicationContext.java:122) ~[spring-boot-1.5.8.RELEASE.jar!/:1.5.8.RELEASE]
	at org.springframework.boot.SpringApplication.refresh(SpringApplication.java:693) ~[spring-boot-1.5.8.RELEASE.jar!/:1.5.8.RELEASE]
	at org.springframework.boot.SpringApplication.refreshContext(SpringApplication.java:360) ~[spring-boot-1.5.8.RELEASE.jar!/:1.5.8.RELEASE]
	at org.springframework.boot.SpringApplication.run(SpringApplication.java:303) ~[spring-boot-1.5.8.RELEASE.jar!/:1.5.8.RELEASE]
	at org.springframework.boot.SpringApplication.run(SpringApplication.java:1118) ~[spring-boot-1.5.8.RELEASE.jar!/:1.5.8.RELEASE]
	at org.springframework.boot.SpringApplication.run(SpringApplication.java:1107) ~[spring-boot-1.5.8.RELEASE.jar!/:1.5.8.RELEASE]
	at com.baml.eops.csw_eureka_server.EurekaServer.main(EurekaServer.java:19) ~[classes!/:25.1.2]
	at java.base/jdk.internal.reflect.NativeMethodAccessorImpl.invoke0(Native Method) ~[na:na]
	at java.base/jdk.internal.reflect.NativeMethodAccessorImpl.invoke(NativeMethodAccessorImpl.java:62) ~[na:na]
	at java.base/jdk.internal.reflect.DelegatingMethodAccessorImpl.invoke(DelegatingMethodAccessorImpl.java:43) ~[na:na]
	at java.base/java.lang.reflect.Method.invoke(Method.java:566) ~[na:na]
	at org.springframework.boot.loader.MainMethodRunner.run(MainMethodRunner.java:48) ~[csw_eureka_server-25.1.2.jar:25.1.2]
	at org.springframework.boot.loader.Launcher.launch(Launcher.java:87) ~[csw_eureka_server-25.1.2.jar:25.1.2]
	at org.springframework.boot.loader.Launcher.launch(Launcher.java:50) ~[csw_eureka_server-25.1.2.jar:25.1.2]
	at org.springframework.boot.loader.PropertiesLauncher.main(PropertiesLauncher.java:587) ~[csw_eureka_server-25.1.2.jar:25.1.2]
Caused by: org.springframework.boot.context.embedded.EmbeddedServletContainerException: Unable to start embedded Tomcat
	at org.springframework.boot.context.embedded.tomcat.TomcatEmbeddedServletContainer.initialize(TomcatEmbeddedServletContainer.java:123) ~[spring-boot-1.5.8.RELEASE.jar!/:1.5.8.RELEASE]
	at org.springframework.boot.context.embedded.tomcat.TomcatEmbeddedServletContainer.<init>(TomcatEmbeddedServletContainer.java:84) ~[spring-boot-1.5.8.RELEASE.jar!/:1.5.8.RELEASE]
	at org.springframework.boot.context.embedded.tomcat.TomcatEmbeddedServletContainerFactory.getTomcatEmbeddedServletContainer(TomcatEmbeddedServletContainerFactory.java:554) ~[spring-boot-1.5.8.RELEASE.jar!/:1.5.8.RELEASE]
	at org.springframework.boot.context.embedded.tomcat.TomcatEmbeddedServletContainerFactory.getEmbeddedServletContainer(TomcatEmbeddedServletContainerFactory.java:179) ~[spring-boot-1.5.8.RELEASE.jar!/:1.5.8.RELEASE]
	at org.springframework.boot.context.embedded.EmbeddedWebApplicationContext.createEmbeddedServletContainer(EmbeddedWebApplicationContext.java:164) ~[spring-boot-1.5.8.RELEASE.jar!/:1.5.8.RELEASE]
	at org.springframework.boot.context.embedded.EmbeddedWebApplicationContext.onRefresh(EmbeddedWebApplicationContext.java:134) ~[spring-boot-1.5.8.RELEASE.jar!/:1.5.8.RELEASE]
	... 16 common frames omitted
Caused by: java.lang.IllegalStateException: StandardEngine[Tomcat].StandardHost[localhost].TomcatEmbeddedContext[] failed to start
	at org.springframework.boot.context.embedded.tomcat.TomcatEmbeddedServletContainer.rethrowDeferredStartupExceptions(TomcatEmbeddedServletContainer.java:167) ~[spring-boot-1.5.8.RELEASE.jar!/:1.5.8.RELEASE]
	at org.springframework.boot.context.embedded.tomcat.TomcatEmbeddedServletContainer.initialize(TomcatEmbeddedServletContainer.java:102) ~[spring-boot-1.5.8.RELEASE.jar!/:1.5.8.RELEASE]
	... 21 common frames omitted

