2020-11-20 01:51:15.142  INFO [csw_eureka_server,,,] 6695 --- [main] c.b.eops.csw_eureka_server.EurekaServer  : No active profile set, falling back to default profiles: default
2020-11-20 01:51:18.065  WARN [csw_eureka_server,,,] 6695 --- [main] o.s.boot.actuate.endpoint.EndpointId     : Endpoint ID 'service-registry' contains invalid characters, please migrate to a valid format.
2020-11-20 01:51:19.391  INFO [csw_eureka_server,,,] 6695 --- [main] o.s.cloud.context.scope.GenericScope     : BeanFactory id=2beb8d16-c38c-39cd-863c-658f09da075b
2020-11-20 01:51:20.264  INFO [csw_eureka_server,,,] 6695 --- [main] trationDelegate$BeanPostProcessorChecker : Bean 'org.springframework.cloud.autoconfigure.ConfigurationPropertiesRebinderAutoConfiguration' of type [org.springframework.cloud.autoconfigure.ConfigurationPropertiesRebinderAutoConfiguration$$EnhancerBySpringCGLIB$$ff8281d8] is not eligible for getting processed by all BeanPostProcessors (for example: not eligible for auto-proxying)
2020-11-20 01:51:21.536  INFO [csw_eureka_server,,,] 6695 --- [main] o.s.b.w.embedded.tomcat.TomcatWebServer  : Tomcat initialized with port(s): 8761 (http)
2020-11-20 01:51:22.161  INFO [csw_eureka_server,,,] 6695 --- [main] o.apache.catalina.core.StandardService   : Starting service [Tomcat]
2020-11-20 01:51:22.179  INFO [csw_eureka_server,,,] 6695 --- [main] org.apache.catalina.core.StandardEngine  : Starting Servlet engine: [Apache Tomcat/9.0.17]
2020-11-20 01:51:22.518  INFO [csw_eureka_server,,,] 6695 --- [main] o.a.c.c.C.[Tomcat].[localhost].[/]       : Initializing Spring embedded WebApplicationContext
2020-11-20 01:51:22.518  INFO [csw_eureka_server,,,] 6695 --- [main] o.s.web.context.ContextLoader            : Root WebApplicationContext: initialization completed in 7299 ms
2020-11-20 01:51:23.032  WARN [csw_eureka_server,,,] 6695 --- [main] c.n.c.sources.URLConfigurationSource     : No URLs will be polled as dynamic configuration sources.
2020-11-20 01:51:23.033  INFO [csw_eureka_server,,,] 6695 --- [main] c.n.c.sources.URLConfigurationSource     : To enable URLs as dynamic configuration sources, define System property archaius.configurationSource.additionalUrls or make config.properties available on classpath.
2020-11-20 01:51:23.145  INFO [csw_eureka_server,,,] 6695 --- [main] c.netflix.config.DynamicPropertyFactory  : DynamicPropertyFactory is initialized with configuration sources: com.netflix.config.ConcurrentCompositeConfiguration@1b9aa56b
2020-11-20 01:51:27.629  INFO [csw_eureka_server,,,] 6695 --- [main] c.s.j.s.i.a.WebApplicationImpl           : Initiating Jersey application, version 'Jersey: 1.19.1 03/11/2016 02:08 PM'
2020-11-20 01:51:27.849  INFO [csw_eureka_server,,,] 6695 --- [main] c.n.d.provider.DiscoveryJerseyProvider   : Using JSON encoding codec LegacyJacksonJson
2020-11-20 01:51:27.852  INFO [csw_eureka_server,,,] 6695 --- [main] c.n.d.provider.DiscoveryJerseyProvider   : Using JSON decoding codec LegacyJacksonJson
2020-11-20 01:51:28.443  INFO [csw_eureka_server,,,] 6695 --- [main] c.n.d.provider.DiscoveryJerseyProvider   : Using XML encoding codec XStreamXml
2020-11-20 01:51:28.443  INFO [csw_eureka_server,,,] 6695 --- [main] c.n.d.provider.DiscoveryJerseyProvider   : Using XML decoding codec XStreamXml
2020-11-20 01:51:29.325  WARN [csw_eureka_server,,,] 6695 --- [main] c.n.c.sources.URLConfigurationSource     : No URLs will be polled as dynamic configuration sources.
2020-11-20 01:51:29.325  INFO [csw_eureka_server,,,] 6695 --- [main] c.n.c.sources.URLConfigurationSource     : To enable URLs as dynamic configuration sources, define System property archaius.configurationSource.additionalUrls or make config.properties available on classpath.
2020-11-20 01:51:30.651  INFO [csw_eureka_server,,,] 6695 --- [main] o.s.s.concurrent.ThreadPoolTaskExecutor  : Initializing ExecutorService 'applicationTaskExecutor'
2020-11-20 01:51:32.264  INFO [csw_eureka_server,,,] 6695 --- [main] c.b.e.c.security.SpringSecurityConfig    : csw.eureka.enable.ip.filter: Y
2020-11-20 01:51:32.501  INFO [csw_eureka_server,,,] 6695 --- [main] o.s.s.web.DefaultSecurityFilterChain     : Creating filter chain: any request, [org.springframework.security.web.context.request.async.WebAsyncManagerIntegrationFilter@5798208e, org.springframework.security.web.context.SecurityContextPersistenceFilter@284a41f3, org.springframework.security.web.header.HeaderWriterFilter@75f1b939, org.springframework.security.web.authentication.logout.LogoutFilter@2475e7d5, org.springframework.security.web.authentication.www.BasicAuthenticationFilter@3842f2d5, com.baml.eops.csw_eureka_server.security.CustomIpFilter$$EnhancerBySpringCGLIB$$50eb9f43@2969006b, org.springframework.security.web.savedrequest.RequestCacheAwareFilter@28488bce, org.springframework.security.web.servletapi.SecurityContextHolderAwareRequestFilter@30e5eb4, org.springframework.security.web.authentication.AnonymousAuthenticationFilter@6ad61b1a, org.springframework.security.web.session.SessionManagementFilter@5969d030, org.springframework.security.web.access.ExceptionTranslationFilter@2db6f4d9, org.springframework.security.web.access.intercept.FilterSecurityInterceptor@5486aab2]
2020-11-20 01:51:32.880  INFO [csw_eureka_server,,,] 6695 --- [main] o.s.b.a.e.web.EndpointLinksResolver      : Exposing 20 endpoint(s) beneath base path '/actuator'
2020-11-20 01:51:33.373  INFO [csw_eureka_server,,,] 6695 --- [main] o.s.c.n.eureka.InstanceInfoFactory       : Setting initial instance status as: STARTING
2020-11-20 01:51:33.527  INFO [csw_eureka_server,,,] 6695 --- [main] com.netflix.discovery.DiscoveryClient    : Initializing Eureka in region us-east-1
2020-11-20 01:51:33.540  INFO [csw_eureka_server,,,] 6695 --- [main] com.netflix.discovery.DiscoveryClient    : Client configured to neither register nor query for data.
2020-11-20 01:51:33.573  INFO [csw_eureka_server,,,] 6695 --- [main] com.netflix.discovery.DiscoveryClient    : Discovery Client initialized at timestamp 1605817293571 with initial instances count: 0
2020-11-20 01:51:34.101  INFO [csw_eureka_server,,,] 6695 --- [main] c.n.eureka.DefaultEurekaServerContext    : Initializing ...
2020-11-20 01:51:34.129  WARN [csw_eureka_server,,,] 6695 --- [main] c.n.eureka.cluster.PeerEurekaNodes       : The replica size seems to be empty. Check the route 53 DNS Registry
2020-11-20 01:51:34.213  INFO [csw_eureka_server,,,] 6695 --- [main] c.n.e.registry.AbstractInstanceRegistry  : Finished initializing remote region registries. All known remote regions: []
2020-11-20 01:51:34.214  INFO [csw_eureka_server,,,] 6695 --- [main] c.n.eureka.DefaultEurekaServerContext    : Initialized
2020-11-20 01:51:34.579  INFO [csw_eureka_server,,,] 6695 --- [main] o.s.c.n.e.s.EurekaServiceRegistry        : Registering application csw_eureka_server with eureka with status UP
2020-11-20 01:51:34.629  INFO [csw_eureka_server,,,] 6695 --- [Thread-11] o.s.c.n.e.server.EurekaServerBootstrap   : Setting the eureka configuration..
2020-11-20 01:51:34.649  INFO [csw_eureka_server,,,] 6695 --- [Thread-11] o.s.c.n.e.server.EurekaServerBootstrap   : Eureka data center value eureka.datacenter is not set, defaulting to default
2020-11-20 01:51:34.800  INFO [csw_eureka_server,,,] 6695 --- [main] o.s.b.w.embedded.tomcat.TomcatWebServer  : Tomcat started on port(s): 8761 (http) with context path ''
2020-11-20 01:51:34.806  INFO [csw_eureka_server,,,] 6695 --- [main] .s.c.n.e.s.EurekaAutoServiceRegistration : Updating port to 8761
2020-11-20 01:51:34.808  INFO [csw_eureka_server,,,] 6695 --- [main] c.b.eops.csw_eureka_server.EurekaServer  : Started EurekaServer in 22.862 seconds (JVM running for 31.361)
2020-11-20 01:51:34.843  INFO [csw_eureka_server,,,] 6695 --- [Thread-11] o.s.c.n.e.server.EurekaServerBootstrap   : isAws returned false
2020-11-20 01:51:34.844  INFO [csw_eureka_server,,,] 6695 --- [Thread-11] o.s.c.n.e.server.EurekaServerBootstrap   : Initialized server context
2020-11-20 01:51:34.844  INFO [csw_eureka_server,,,] 6695 --- [Thread-11] c.n.e.r.PeerAwareInstanceRegistryImpl    : Got 1 instances from neighboring DS node
2020-11-20 01:51:34.844  INFO [csw_eureka_server,,,] 6695 --- [Thread-11] c.n.e.r.PeerAwareInstanceRegistryImpl    : Renew threshold is: 1
2020-11-20 01:51:34.891  INFO [csw_eureka_server,,,] 6695 --- [Thread-11] c.n.e.r.PeerAwareInstanceRegistryImpl    : Changing status to UP
2020-11-20 01:51:34.902  INFO [csw_eureka_server,,,] 6695 --- [Thread-11] e.s.EurekaServerInitializerConfiguration : Started Eureka Server
2020-11-20 01:52:21.814  INFO [csw_eureka_server,,,] 6695 --- [http-nio-8761-exec-1] o.a.c.c.C.[Tomcat].[localhost].[/]       : Initializing Spring DispatcherServlet 'dispatcherServlet'
2020-11-20 01:52:21.814  INFO [csw_eureka_server,,,] 6695 --- [http-nio-8761-exec-1] o.s.web.servlet.DispatcherServlet        : Initializing Servlet 'dispatcherServlet'
2020-11-20 01:52:21.966  INFO [csw_eureka_server,,,] 6695 --- [http-nio-8761-exec-1] o.s.web.servlet.DispatcherServlet        : Completed initialization in 152 ms
2020-11-20 01:52:34.892  INFO [csw_eureka_server,,,] 6695 --- [Eureka-EvictionTimer] c.n.e.registry.AbstractInstanceRegistry  : Running the evict task with compensationTime 0ms
2020-11-20 01:52:39.973  INFO [csw_eureka_server,,,] 6695 --- [Thread-13] o.s.c.n.e.s.EurekaServiceRegistry        : Unregistering application csw_eureka_server with eureka with status DOWN
2020-11-20 01:52:40.019  INFO [csw_eureka_server,,,] 6695 --- [Thread-13] c.n.eureka.DefaultEurekaServerContext    : Shutting down ...
2020-11-20 01:52:40.058  INFO [csw_eureka_server,,,] 6695 --- [Thread-13] c.n.eureka.DefaultEurekaServerContext    : Shut down
2020-11-20 01:52:40.063  INFO [csw_eureka_server,,,] 6695 --- [Thread-13] o.s.s.concurrent.ThreadPoolTaskExecutor  : Shutting down ExecutorService 'applicationTaskExecutor'
2020-11-20 01:52:40.761  WARN [csw_eureka_server,,,] 6695 --- [AsyncReporter{org.springframework.cloud.sleuth.zipkin2.sender.RestTemplateSender@774ca3b8}] s.c.a.AnnotationConfigApplicationContext : Exception encountered during context initialization - cancelling refresh attempt: org.springframework.beans.factory.UnsatisfiedDependencyException: Error creating bean with name 'eurekaRibbonClientConfiguration': Unsatisfied dependency expressed through field 'eurekaConfig'; nested exception is org.springframework.beans.factory.BeanCreationNotAllowedException: Error creating bean with name 'eurekaInstanceConfigBean': Singleton bean creation not allowed while singletons of this factory are in destruction (Do not request a bean from a BeanFactory in a destroy method implementation!)
2020-11-20 01:52:40.767  INFO [csw_eureka_server,,,] 6695 --- [Thread-13] com.netflix.discovery.DiscoveryClient    : Shutting down DiscoveryClient ...
2020-11-20 01:52:40.768  INFO [csw_eureka_server,,,] 6695 --- [Thread-13] com.netflix.discovery.DiscoveryClient    : Completed shut down of DiscoveryClient
